{"contracts/Doctor.sol":{"l":{"11":0},"path":"/home/anshu/Projects/health-chain/contracts/Doctor.sol","s":{"1":0},"b":{},"f":{"1":0},"fnMap":{"1":{"name":"constructor","line":10,"loc":{"start":{"line":10,"column":2},"end":{"line":14,"column":2}}}},"statementMap":{"1":{"start":{"line":11,"column":4},"end":{"line":11,"column":15}}},"branchMap":{}},"contracts/EhrRecord.sol":{"l":{"22":6,"23":6,"25":6,"26":6,"27":6,"31":4,"32":3,"36":4,"41":3,"44":1,"48":2,"52":1},"path":"/home/anshu/Projects/health-chain/contracts/EhrRecord.sol","s":{"1":6,"2":6,"3":6,"4":6,"5":6,"6":4,"7":4,"8":3,"9":1,"10":2,"11":1},"b":{"1":[3,1],"2":[3,1]},"f":{"1":6,"2":4,"3":4,"4":2,"5":1},"fnMap":{"1":{"name":"constructor","line":21,"loc":{"start":{"line":21,"column":2},"end":{"line":28,"column":2}}},"2":{"name":"onlyAccess","line":30,"loc":{"start":{"line":30,"column":2},"end":{"line":33,"column":2}}},"3":{"name":"hasAccess","line":35,"loc":{"start":{"line":35,"column":2},"end":{"line":45,"column":2}}},"4":{"name":"getData","line":47,"loc":{"start":{"line":47,"column":2},"end":{"line":49,"column":2}}},"5":{"name":"updateData","line":51,"loc":{"start":{"line":51,"column":2},"end":{"line":53,"column":2}}}},"statementMap":{"1":{"start":{"line":22,"column":4},"end":{"line":22,"column":31}},"2":{"start":{"line":23,"column":4},"end":{"line":23,"column":29}},"3":{"start":{"line":25,"column":4},"end":{"line":25,"column":45}},"4":{"start":{"line":26,"column":4},"end":{"line":26,"column":40}},"5":{"start":{"line":27,"column":4},"end":{"line":27,"column":38}},"6":{"start":{"line":31,"column":4},"end":{"line":31,"column":64}},"7":{"start":{"line":36,"column":4},"end":{"line":36,"column":856}},"8":{"start":{"line":41,"column":6},"end":{"line":41,"column":17}},"9":{"start":{"line":44,"column":4},"end":{"line":44,"column":16}},"10":{"start":{"line":48,"column":4},"end":{"line":48,"column":21}},"11":{"start":{"line":52,"column":4},"end":{"line":52,"column":27}}},"branchMap":{"1":{"line":31,"type":"if","locations":[{"start":{"line":31,"column":4},"end":{"line":31,"column":4}},{"start":{"line":31,"column":4},"end":{"line":31,"column":4}}]},"2":{"line":36,"type":"if","locations":[{"start":{"line":36,"column":4},"end":{"line":36,"column":4}},{"start":{"line":36,"column":4},"end":{"line":36,"column":4}}]}}},"contracts/Patient.sol":{"l":{"11":0},"path":"/home/anshu/Projects/health-chain/contracts/Patient.sol","s":{"1":0},"b":{},"f":{"1":0},"fnMap":{"1":{"name":"constructor","line":10,"loc":{"start":{"line":10,"column":2},"end":{"line":12,"column":2}}}},"statementMap":{"1":{"start":{"line":11,"column":4},"end":{"line":11,"column":15}}},"branchMap":{}},"contracts/RoleAccess.sol":{"l":{},"path":"/home/anshu/Projects/health-chain/contracts/RoleAccess.sol","s":{},"b":{},"f":{},"fnMap":{},"statementMap":{},"branchMap":{}}}